Determining if the pthread_create exist failed with the following output:
Change Dir: /home/demulab/catkin_ws/build/CMakeFiles/CMakeTmp

Run Build Command:/usr/bin/make "cmTryCompileExec278225826/fast"
/usr/bin/make -f CMakeFiles/cmTryCompileExec278225826.dir/build.make CMakeFiles/cmTryCompileExec278225826.dir/build
make[1]: ディレクトリ `/home/demulab/catkin_ws/build/CMakeFiles/CMakeTmp' に入ります
/usr/bin/cmake -E cmake_progress_report /home/demulab/catkin_ws/build/CMakeFiles/CMakeTmp/CMakeFiles 1
Building C object CMakeFiles/cmTryCompileExec278225826.dir/CheckSymbolExists.c.o
/usr/bin/cc    -o CMakeFiles/cmTryCompileExec278225826.dir/CheckSymbolExists.c.o   -c /home/demulab/catkin_ws/build/CMakeFiles/CMakeTmp/CheckSymbolExists.c
Linking C executable cmTryCompileExec278225826
/usr/bin/cmake -E cmake_link_script CMakeFiles/cmTryCompileExec278225826.dir/link.txt --verbose=1
/usr/bin/cc       CMakeFiles/cmTryCompileExec278225826.dir/CheckSymbolExists.c.o  -o cmTryCompileExec278225826 -rdynamic 
CMakeFiles/cmTryCompileExec278225826.dir/CheckSymbolExists.c.o: 関数 `main' 内:
CheckSymbolExists.c:(.text+0x16): `pthread_create' に対する定義されていない参照です
collect2: error: ld returned 1 exit status
make[1]: ディレクトリ `/home/demulab/catkin_ws/build/CMakeFiles/CMakeTmp' から出ます
make[1]: *** [cmTryCompileExec278225826] エラー 1
make: *** [cmTryCompileExec278225826/fast] エラー 2

File /home/demulab/catkin_ws/build/CMakeFiles/CMakeTmp/CheckSymbolExists.c:
/* */
#include <pthread.h>

int main(int argc, char** argv)
{
  (void)argv;
#ifndef pthread_create
  return ((int*)(&pthread_create))[argc];
#else
  (void)argc;
  return 0;
#endif
}

Determining if the function pthread_create exists in the pthreads failed with the following output:
Change Dir: /home/demulab/catkin_ws/build/CMakeFiles/CMakeTmp

Run Build Command:/usr/bin/make "cmTryCompileExec1979316824/fast"
/usr/bin/make -f CMakeFiles/cmTryCompileExec1979316824.dir/build.make CMakeFiles/cmTryCompileExec1979316824.dir/build
make[1]: ディレクトリ `/home/demulab/catkin_ws/build/CMakeFiles/CMakeTmp' に入ります
/usr/bin/cmake -E cmake_progress_report /home/demulab/catkin_ws/build/CMakeFiles/CMakeTmp/CMakeFiles 1
Building C object CMakeFiles/cmTryCompileExec1979316824.dir/CheckFunctionExists.c.o
/usr/bin/cc   -DCHECK_FUNCTION_EXISTS=pthread_create   -o CMakeFiles/cmTryCompileExec1979316824.dir/CheckFunctionExists.c.o   -c /usr/share/cmake-2.8/Modules/CheckFunctionExists.c
Linking C executable cmTryCompileExec1979316824
/usr/bin/cmake -E cmake_link_script CMakeFiles/cmTryCompileExec1979316824.dir/link.txt --verbose=1
/usr/bin/cc   -DCHECK_FUNCTION_EXISTS=pthread_create    CMakeFiles/cmTryCompileExec1979316824.dir/CheckFunctionExists.c.o  -o cmTryCompileExec1979316824 -rdynamic -lpthreads 
/usr/bin/ld: -lpthreads が見つかりません
collect2: error: ld returned 1 exit status
make[1]: ディレクトリ `/home/demulab/catkin_ws/build/CMakeFiles/CMakeTmp' から出ます
make[1]: *** [cmTryCompileExec1979316824] エラー 1
make: *** [cmTryCompileExec1979316824/fast] エラー 2


